::1 - - [26/Oct/2020:18:21:27 +0000] "POST /api/resume/create HTTP/1.1" 201 351 "-" "PostmanRuntime/7.26.3"
::1 - - [26/Oct/2020:18:24:30 +0000] "POST /api/resume/create HTTP/1.1" 401 32 "-" "PostmanRuntime/7.26.3"
::1 - - [26/Oct/2020:18:24:53 +0000] "POST /api/auth/login HTTP/1.1" 200 - "-" "PostmanRuntime/7.26.3"
::1 - - [26/Oct/2020:18:26:16 +0000] "POST /api/resume/create HTTP/1.1" 401 32 "-" "PostmanRuntime/7.26.3"
::1 - - [26/Oct/2020:18:26:38 +0000] "POST /api/resume/create HTTP/1.1" 401 32 "-" "PostmanRuntime/7.26.3"
::1 - - [26/Oct/2020:18:27:16 +0000] "POST /api/resume/create HTTP/1.1" 400 58 "-" "PostmanRuntime/7.26.3"
::1 - - [26/Oct/2020:18:27:35 +0000] "POST /api/resume/create HTTP/1.1" 201 352 "-" "PostmanRuntime/7.26.3"
::1 - - [27/Oct/2020:20:52:34 +0000] "DELETE /api/resume/delete HTTP/1.1" 401 32 "-" "PostmanRuntime/7.26.3"
::1 - - [27/Oct/2020:20:52:50 +0000] "POST /api/auth/login HTTP/1.1" 200 - "-" "PostmanRuntime/7.26.3"
::1 - - [27/Oct/2020:20:53:16 +0000] "DELETE /api/resume/delete HTTP/1.1" 200 14 "-" "PostmanRuntime/7.26.3"
::1 - - [27/Oct/2020:20:53:19 +0000] "DELETE /api/resume/delete HTTP/1.1" 200 14 "-" "PostmanRuntime/7.26.3"
::1 - - [27/Oct/2020:20:53:21 +0000] "DELETE /api/resume/delete HTTP/1.1" 200 14 "-" "PostmanRuntime/7.26.3"
::1 - - [27/Oct/2020:20:54:14 +0000] "DELETE /api/resume/delete HTTP/1.1" 200 14 "-" "PostmanRuntime/7.26.3"
::1 - - [27/Oct/2020:20:55:08 +0000] "DELETE /api/resume/delete HTTP/1.1" 200 14 "-" "PostmanRuntime/7.26.3"
::1 - - [27/Oct/2020:20:55:09 +0000] "DELETE /api/resume/delete HTTP/1.1" 200 14 "-" "PostmanRuntime/7.26.3"
::1 - - [27/Oct/2020:20:56:02 +0000] "DELETE /api/resume/delete HTTP/1.1" 400 2 "-" "PostmanRuntime/7.26.3"
::1 - - [27/Oct/2020:20:56:17 +0000] "DELETE /api/resume/delete HTTP/1.1" 400 2 "-" "PostmanRuntime/7.26.3"
::1 - - [27/Oct/2020:20:57:05 +0000] "DELETE /api/resume/delete HTTP/1.1" 400 2 "-" "PostmanRuntime/7.26.3"
::1 - - [27/Oct/2020:20:57:16 +0000] "DELETE /api/resume/delete HTTP/1.1" 400 2 "-" "PostmanRuntime/7.26.3"
::1 - - [27/Oct/2020:20:57:32 +0000] "DELETE /api/resume/delete HTTP/1.1" 400 2 "-" "PostmanRuntime/7.26.3"
::1 - - [27/Oct/2020:20:57:53 +0000] "DELETE /api/resume/delete HTTP/1.1" 400 2 "-" "PostmanRuntime/7.26.3"
::1 - - [27/Oct/2020:20:58:17 +0000] "DELETE /api/resume/delete HTTP/1.1" 400 2 "-" "PostmanRuntime/7.26.3"
::1 - - [27/Oct/2020:20:58:36 +0000] "DELETE /api/resume/delete HTTP/1.1" 400 2 "-" "PostmanRuntime/7.26.3"
::1 - - [27/Oct/2020:20:59:06 +0000] "DELETE /api/resume/delete HTTP/1.1" 400 2 "-" "PostmanRuntime/7.26.3"
::1 - - [27/Oct/2020:20:59:32 +0000] "DELETE /api/resume/delete HTTP/1.1" 400 2 "-" "PostmanRuntime/7.26.3"
::1 - - [27/Oct/2020:20:59:50 +0000] "DELETE /api/resume/delete HTTP/1.1" 400 2 "-" "PostmanRuntime/7.26.3"
::1 - - [27/Oct/2020:21:00:08 +0000] "DELETE /api/resume/delete HTTP/1.1" 404 14 "-" "PostmanRuntime/7.26.3"
::1 - - [27/Oct/2020:21:00:26 +0000] "DELETE /api/resume/delete HTTP/1.1" 404 14 "-" "PostmanRuntime/7.26.3"
::1 - - [27/Oct/2020:21:20:52 +0000] "POST /api/resume/create HTTP/1.1" 401 25 "-" "PostmanRuntime/7.26.3"
::1 - - [27/Oct/2020:21:21:21 +0000] "POST /api/resume/create HTTP/1.1" 201 352 "-" "PostmanRuntime/7.26.3"
::1 - - [27/Oct/2020:21:22:22 +0000] "POST /api/resume/create HTTP/1.1" 400 58 "-" "PostmanRuntime/7.26.3"
::1 - - [27/Oct/2020:21:22:27 +0000] "POST /api/resume/create HTTP/1.1" 201 353 "-" "PostmanRuntime/7.26.3"
::1 - - [27/Oct/2020:21:22:34 +0000] "POST /api/resume/create HTTP/1.1" 201 355 "-" "PostmanRuntime/7.26.3"
::1 - - [27/Oct/2020:21:22:53 +0000] "GET /api/resume/get HTTP/1.1" - - "-" "PostmanRuntime/7.26.3"
::1 - - [27/Oct/2020:21:23:20 +0000] "GET /api/resume/get HTTP/1.1" - - "-" "PostmanRuntime/7.26.3"
::1 - - [27/Oct/2020:21:23:58 +0000] "GET /api/resume/get HTTP/1.1" - - "-" "PostmanRuntime/7.26.3"
::1 - - [27/Oct/2020:21:24:23 +0000] "GET /api/resume/get HTTP/1.1" - - "-" "PostmanRuntime/7.26.3"
::1 - - [29/Oct/2020:00:04:14 +0000] "GET /api/resume/get HTTP/1.1" 200 352 "-" "PostmanRuntime/7.26.3"
::1 - - [29/Oct/2020:00:05:42 +0000] "GET /api/resume/get HTTP/1.1" 200 0 "-" "PostmanRuntime/7.26.3"
::1 - - [29/Oct/2020:00:07:09 +0000] "GET /api/resume/get HTTP/1.1" - - "-" "PostmanRuntime/7.26.3"
::1 - - [29/Oct/2020:00:07:13 +0000] "POST /api/resume/create HTTP/1.1" 401 25 "-" "PostmanRuntime/7.26.3"
::1 - - [29/Oct/2020:00:07:24 +0000] "POST /api/auth/login HTTP/1.1" 200 - "-" "PostmanRuntime/7.26.3"
::1 - - [29/Oct/2020:00:07:43 +0000] "POST /api/resume/create HTTP/1.1" 201 352 "-" "PostmanRuntime/7.26.3"
::1 - - [29/Oct/2020:00:07:54 +0000] "GET /api/resume/get HTTP/1.1" - - "-" "PostmanRuntime/7.26.3"
::1 - - [29/Oct/2020:00:09:32 +0000] "GET /api/resume/get HTTP/1.1" 200 352 "-" "PostmanRuntime/7.26.3"
::1 - - [29/Oct/2020:00:09:44 +0000] "GET /api/resume/get HTTP/1.1" 404 16 "-" "PostmanRuntime/7.26.3"
::1 - - [29/Oct/2020:00:18:39 +0000] "POST /api/resume/create HTTP/1.1" 201 352 "-" "PostmanRuntime/7.26.3"
::1 - - [29/Oct/2020:00:19:21 +0000] "PUT /api/resume/edit HTTP/1.1" 400 17 "-" "PostmanRuntime/7.26.3"
::1 - - [29/Oct/2020:00:19:56 +0000] "PUT /api/resume/edit HTTP/1.1" - - "-" "PostmanRuntime/7.26.3"
::1 - - [29/Oct/2020:00:21:23 +0000] "PUT /api/resume/edit HTTP/1.1" 400 120 "-" "PostmanRuntime/7.26.3"
::1 - - [29/Oct/2020:00:21:34 +0000] "PUT /api/resume/edit HTTP/1.1" 400 120 "-" "PostmanRuntime/7.26.3"
::1 - - [29/Oct/2020:00:21:46 +0000] "PUT /api/resume/edit HTTP/1.1" 400 116 "-" "PostmanRuntime/7.26.3"
::1 - - [29/Oct/2020:00:22:18 +0000] "PUT /api/resume/edit HTTP/1.1" 400 116 "-" "PostmanRuntime/7.26.3"
::1 - - [29/Oct/2020:00:22:31 +0000] "PUT /api/resume/edit HTTP/1.1" 400 116 "-" "PostmanRuntime/7.26.3"
::1 - - [29/Oct/2020:00:23:10 +0000] "PUT /api/resume/edit HTTP/1.1" 200 2 "-" "PostmanRuntime/7.26.3"
::1 - - [29/Oct/2020:00:23:17 +0000] "PUT /api/resume/edit HTTP/1.1" 404 16 "-" "PostmanRuntime/7.26.3"
::1 - - [29/Oct/2020:00:23:46 +0000] "PUT /api/resume/edit HTTP/1.1" 200 2 "-" "PostmanRuntime/7.26.3"
::1 - - [29/Oct/2020:00:25:23 +0000] "PUT /api/resume/edit HTTP/1.1" 200 2 "-" "PostmanRuntime/7.26.3"
::1 - - [29/Oct/2020:00:25:46 +0000] "PUT /api/resume/edit HTTP/1.1" 400 22 "-" "PostmanRuntime/7.26.3"
::1 - - [29/Oct/2020:00:27:04 +0000] "PUT /api/resume/edit HTTP/1.1" 200 2 "-" "PostmanRuntime/7.26.3"
